<?xml version="1.0" encoding="UTF-8"?>
<!-- Generated by org.testng.reporters.JUnitXMLReporter -->
<testsuite ignored="16" hostname="SUBHASHA-PC" failures="2" tests="11" name="Test" time="645.452" errors="0" timestamp="2022-08-10T22:32:56 IST">
  <testcase classname="com.hrm.testcases.AdminUserManagmentTest" name="addUserInformation" time="65.413">
    <failure type="org.openqa.selenium.NoSuchElementException" message="no such element: Unable to locate element: {&amp;quot;method&amp;quot;:&amp;quot;xpath&amp;quot;,&amp;quot;selector&amp;quot;:&amp;quot;//div[@class=&amp;apos;message success fadable&amp;apos; and contains(text(), &amp;apos;Successfully Saved&amp;apos;)]&amp;quot;}
  (Session info: chrome=104.0.5112.81)
For documentation on this error, please visit: http://seleniumhq.org/exceptions/no_such_element.html
Build info: version: &amp;apos;3.141.0&amp;apos;, revision: &amp;apos;2ecb7d9a&amp;apos;, time: &amp;apos;2018-10-31T20:09:30&amp;apos;
System info: host: &amp;apos;SUBHASHA-PC&amp;apos;, ip: &amp;apos;192.168.1.103&amp;apos;, os.name: &amp;apos;Windows 10&amp;apos;, os.arch: &amp;apos;amd64&amp;apos;, os.version: &amp;apos;10.0&amp;apos;, java.version: &amp;apos;17.0.3&amp;apos;
Driver info: org.openqa.selenium.chrome.ChromeDriver
Capabilities {acceptInsecureCerts: false, browserName: chrome, browserVersion: 104.0.5112.81, chrome: {chromedriverVersion: 104.0.5112.79 (3cf3e8c8a07d..., userDataDir: C:\Users\Subhash\AppData\Lo...}, goog:chromeOptions: {debuggerAddress: localhost:57842}, javascriptEnabled: true, networkConnectionEnabled: false, pageLoadStrategy: normal, platform: WINDOWS, platformName: WINDOWS, proxy: Proxy(), setWindowRect: true, strictFileInteractability: false, timeouts: {implicit: 0, pageLoad: 300000, script: 30000}, unhandledPromptBehavior: dismiss and notify, webauthn:extension:credBlob: true, webauthn:extension:largeBlob: true, webauthn:virtualAuthenticators: true}
Session ID: 9a7fe13d9942e9af12dbde11c01a8c5f
*** Element info: {Using=xpath, value=//div[@class=&amp;apos;message success fadable&amp;apos; and contains(text(), &amp;apos;Successfully Saved&amp;apos;)]}">
      <![CDATA[org.openqa.selenium.NoSuchElementException: no such element: Unable to locate element: {"method":"xpath","selector":"//div[@class='message success fadable' and contains(text(), 'Successfully Saved')]"}
  (Session info: chrome=104.0.5112.81)
For documentation on this error, please visit: http://seleniumhq.org/exceptions/no_such_element.html
Build info: version: '3.141.0', revision: '2ecb7d9a', time: '2018-10-31T20:09:30'
System info: host: 'SUBHASHA-PC', ip: '192.168.1.103', os.name: 'Windows 10', os.arch: 'amd64', os.version: '10.0', java.version: '17.0.3'
Driver info: org.openqa.selenium.chrome.ChromeDriver
Capabilities {acceptInsecureCerts: false, browserName: chrome, browserVersion: 104.0.5112.81, chrome: {chromedriverVersion: 104.0.5112.79 (3cf3e8c8a07d..., userDataDir: C:\Users\Subhash\AppData\Lo...}, goog:chromeOptions: {debuggerAddress: localhost:57842}, javascriptEnabled: true, networkConnectionEnabled: false, pageLoadStrategy: normal, platform: WINDOWS, platformName: WINDOWS, proxy: Proxy(), setWindowRect: true, strictFileInteractability: false, timeouts: {implicit: 0, pageLoad: 300000, script: 30000}, unhandledPromptBehavior: dismiss and notify, webauthn:extension:credBlob: true, webauthn:extension:largeBlob: true, webauthn:virtualAuthenticators: true}
Session ID: 9a7fe13d9942e9af12dbde11c01a8c5f
*** Element info: {Using=xpath, value=//div[@class='message success fadable' and contains(text(), 'Successfully Saved')]}
at org.openqa.selenium.remote.http.W3CHttpResponseCodec.createException(W3CHttpResponseCodec.java:187)
at org.openqa.selenium.remote.http.W3CHttpResponseCodec.decode(W3CHttpResponseCodec.java:122)
at org.openqa.selenium.remote.http.W3CHttpResponseCodec.decode(W3CHttpResponseCodec.java:49)
at org.openqa.selenium.remote.HttpCommandExecutor.execute(HttpCommandExecutor.java:158)
at org.openqa.selenium.remote.service.DriverCommandExecutor.execute(DriverCommandExecutor.java:83)
at org.openqa.selenium.remote.RemoteWebDriver.execute(RemoteWebDriver.java:552)
at org.openqa.selenium.remote.RemoteWebDriver.findElement(RemoteWebDriver.java:323)
at org.openqa.selenium.remote.RemoteWebDriver.findElementByXPath(RemoteWebDriver.java:428)
at org.openqa.selenium.By$ByXPath.findElement(By.java:353)
at org.openqa.selenium.remote.RemoteWebDriver.findElement(RemoteWebDriver.java:315)
at com.hrm.testcases.AdminUserManagmentTest.addUserInformation(AdminUserManagmentTest.java:55)
at java.base/java.util.ArrayList.forEach(ArrayList.java:1511)
... Removed 32 stack frames]]>
    </failure>
  </testcase> <!-- addUserInformation -->
  <testcase classname="com.hrm.testcases.AdminUserManagmentTest" name="searchSystemUser" time="0.0">
    <skipped/>
  </testcase> <!-- searchSystemUser -->
  <testcase classname="com.hrm.testcases.HRMloginTest" name="loginHRMAdmin" time="22.269"/>
  <testcase classname="com.hrm.testcases.ForgotPasswordTest" name="passWordRest" time="4.178">
    <failure type="java.lang.AssertionError" message="The following asserts failed:
	expected [Please contact HR admin in order to reset the password] but found [Please contact HR admin in order to reset the password
Close]">
      <![CDATA[java.lang.AssertionError: The following asserts failed:
expected [Please contact HR admin in order to reset the password] but found [Please contact HR admin in order to reset the password
Close]
at com.hrm.testcases.ForgotPasswordTest.passWordRest(ForgotPasswordTest.java:31)
at java.base/java.util.ArrayList.forEach(ArrayList.java:1511)
... Removed 29 stack frames]]>
    </failure>
  </testcase> <!-- passWordRest -->
  <testcase classname="com.hrm.testcases.DashboardTest" name="AssignLeavsLink" time="3.114"/>
  <testcase classname="com.hrm.testcases.DashboardTest" name="LeaveList" time="1.397"/>
  <testcase classname="com.hrm.testcases.JobTitlesTest" name="addJobTitles" time="18.385"/>
  <testcase classname="com.hrm.testcases.EmploymentStatusTest" name="addEmploymentStatus" time="16.092"/>
  <testcase classname="com.hrm.testcases.PayGradesTest" name="addPayGrades" time="16.509"/>
  <testcase classname="com.hrm.testcases.JobCategoryTest" name="addJobCategory" time="15.798"/>
  <testcase classname="com.hrm.testcases.WorkShiftTest" name="addWorkShift" time="17.256"/>
  <testcase classname="com.hrm.baseclass.Base" name="@BeforeTest startExtedReport" time="0.0">
    <ignored/>
  </testcase> <!-- @BeforeTest startExtedReport -->
  <testcase classname="com.hrm.baseclass.Base" name="@BeforeTest startExtedReport" time="0.0">
    <ignored/>
  </testcase> <!-- @BeforeTest startExtedReport -->
  <testcase classname="com.hrm.baseclass.Base" name="@BeforeTest startExtedReport" time="0.0">
    <ignored/>
  </testcase> <!-- @BeforeTest startExtedReport -->
  <testcase classname="com.hrm.baseclass.Base" name="@BeforeTest startExtedReport" time="0.0">
    <ignored/>
  </testcase> <!-- @BeforeTest startExtedReport -->
  <testcase classname="com.hrm.baseclass.Base" name="@BeforeTest startExtedReport" time="0.0">
    <ignored/>
  </testcase> <!-- @BeforeTest startExtedReport -->
  <testcase classname="com.hrm.baseclass.Base" name="@BeforeTest startExtedReport" time="0.0">
    <ignored/>
  </testcase> <!-- @BeforeTest startExtedReport -->
  <testcase classname="com.hrm.baseclass.Base" name="@BeforeTest startExtedReport" time="0.0">
    <ignored/>
  </testcase> <!-- @BeforeTest startExtedReport -->
  <testcase classname="com.hrm.baseclass.Base" name="@BeforeTest startExtedReport" time="0.0">
    <ignored/>
  </testcase> <!-- @BeforeTest startExtedReport -->
  <testcase classname="com.hrm.baseclass.Base" name="@AfterTest endExtedReport" time="0.0">
    <ignored/>
  </testcase> <!-- @AfterTest endExtedReport -->
  <testcase classname="com.hrm.baseclass.Base" name="@AfterTest endExtedReport" time="0.0">
    <ignored/>
  </testcase> <!-- @AfterTest endExtedReport -->
  <testcase classname="com.hrm.baseclass.Base" name="@AfterTest endExtedReport" time="0.0">
    <ignored/>
  </testcase> <!-- @AfterTest endExtedReport -->
  <testcase classname="com.hrm.baseclass.Base" name="@AfterTest endExtedReport" time="0.0">
    <ignored/>
  </testcase> <!-- @AfterTest endExtedReport -->
  <testcase classname="com.hrm.baseclass.Base" name="@AfterTest endExtedReport" time="0.0">
    <ignored/>
  </testcase> <!-- @AfterTest endExtedReport -->
  <testcase classname="com.hrm.baseclass.Base" name="@AfterTest endExtedReport" time="0.0">
    <ignored/>
  </testcase> <!-- @AfterTest endExtedReport -->
  <testcase classname="com.hrm.baseclass.Base" name="@AfterTest endExtedReport" time="0.0">
    <ignored/>
  </testcase> <!-- @AfterTest endExtedReport -->
  <testcase classname="com.hrm.baseclass.Base" name="@AfterTest endExtedReport" time="0.0">
    <ignored/>
  </testcase> <!-- @AfterTest endExtedReport -->
</testsuite> <!-- Test -->
