<!DOCTYPE html PUBLIC "-//W3C//DTD XHTML 1.1//EN" "https://www.w3.org/TR/xhtml11/DTD/xhtml11.dtd">
<html xmlns="https://www.w3.org/1999/xhtml">
<head>
<meta http-equiv="content-type" content="text/html; charset=UTF-8"/>
<title>TestNG Report</title>
<style type="text/css">table {margin-bottom:10px;border-collapse:collapse;empty-cells:show}th,td {border:1px solid #009;padding:.25em .5em}th {vertical-align:bottom}td {vertical-align:top}table a {font-weight:bold}.stripe td {background-color: #E6EBF9}.num {text-align:right}.passedodd td {background-color: #3F3}.passedeven td {background-color: #0A0}.skippedodd td {background-color: #DDD}.skippedeven td {background-color: #CCC}.failedodd td,.attn {background-color: #F33}.failedeven td,.stripe .attn {background-color: #D00}.stacktrace {white-space:pre;font-family:monospace}.totop {font-size:85%;text-align:center;border-bottom:2px solid #000}.invisible {display:none}</style>
</head>
<body>
<table>
<tr><th>Test</th><th># Passed</th><th># Skipped</th><th># Retried</th><th># Failed</th><th>Time (ms)</th><th>Included Groups</th><th>Excluded Groups</th></tr>
<tr><th colspan="8">Suite</th></tr>
<tr><td><a href="#t0">Test</a></td><td class="num">8</td><td class="num attn">1</td><td class="num">0</td><td class="num attn">2</td><td class="num">645,452</td><td></td><td></td></tr>
</table>
<table id='summary'><thead><tr><th>Class</th><th>Method</th><th>Start</th><th>Time (ms)</th></tr></thead><tbody><tr><th colspan="4">Suite</th></tr></tbody><tbody id="t0"><tr><th colspan="4">Test &#8212; failed</th></tr><tr class="failedeven"><td rowspan="1">com.hrm.testcases.AdminUserManagmentTest</td><td><a href="#m0">addUserInformation</a></td><td rowspan="1">1660150391929</td><td rowspan="1">65413</td></tr><tr class="failedodd"><td rowspan="1">com.hrm.testcases.ForgotPasswordTest</td><td><a href="#m1">passWordRest</a></td><td rowspan="1">1660150560062</td><td rowspan="1">4178</td></tr><tr><th colspan="4">Test &#8212; skipped</th></tr><tr class="skippedeven"><td rowspan="1">com.hrm.testcases.AdminUserManagmentTest</td><td><a href="#m2">searchSystemUser</a></td><td rowspan="1">1660150458533</td><td rowspan="1">0</td></tr><tr><th colspan="4">Test &#8212; passed</th></tr><tr class="passedeven"><td rowspan="2">com.hrm.testcases.DashboardTest</td><td><a href="#m3">AssignLeavsLink</a></td><td rowspan="1">1660150613985</td><td rowspan="1">3114</td></tr><tr class="passedeven"><td><a href="#m4">LeaveList</a></td><td rowspan="1">1660150668363</td><td rowspan="1">1397</td></tr><tr class="passedodd"><td rowspan="1">com.hrm.testcases.EmploymentStatusTest</td><td><a href="#m5">addEmploymentStatus</a></td><td rowspan="1">1660150773652</td><td rowspan="1">16092</td></tr><tr class="passedeven"><td rowspan="1">com.hrm.testcases.HRMloginTest</td><td><a href="#m6">loginHRMAdmin</a></td><td rowspan="1">1660150488857</td><td rowspan="1">22269</td></tr><tr class="passedodd"><td rowspan="1">com.hrm.testcases.JobCategoryTest</td><td><a href="#m7">addJobCategory</a></td><td rowspan="1">1660150904963</td><td rowspan="1">15798</td></tr><tr class="passedeven"><td rowspan="1">com.hrm.testcases.JobTitlesTest</td><td><a href="#m8">addJobTitles</a></td><td rowspan="1">1660150708617</td><td rowspan="1">18385</td></tr><tr class="passedodd"><td rowspan="1">com.hrm.testcases.PayGradesTest</td><td><a href="#m9">addPayGrades</a></td><td rowspan="1">1660150831921</td><td rowspan="1">16509</td></tr><tr class="passedeven"><td rowspan="1">com.hrm.testcases.WorkShiftTest</td><td><a href="#m10">addWorkShift</a></td><td rowspan="1">1660150957630</td><td rowspan="1">17256</td></tr></tbody>
</table>
<h2>Test</h2><h3 id="m0">com.hrm.testcases.AdminUserManagmentTest#addUserInformation</h3><table class="result"><tr class="param"><th>Parameter #1</th><th>Parameter #2</th><th>Parameter #3</th><th>Parameter #4</th><th>Parameter #5</th><th>Parameter #6</th></tr><tr class="param stripe"><td>Admin</td><td>John Doe</td><td>johndoe</td><td>Enabled</td><td>johndoe9596</td><td>johndoe9596</td></tr><tr><th colspan="6">Exception</th></tr><tr><td colspan="6"><div class="stacktrace">org.openqa.selenium.NoSuchElementException: no such element: Unable to locate element: {&quot;method&quot;:&quot;xpath&quot;,&quot;selector&quot;:&quot;//div[@class=&apos;message success fadable&apos; and contains(text(), &apos;Successfully Saved&apos;)]&quot;}
  (Session info: chrome=104.0.5112.81)
For documentation on this error, please visit: http://seleniumhq.org/exceptions/no_such_element.html
Build info: version: &apos;3.141.0&apos;, revision: &apos;2ecb7d9a&apos;, time: &apos;2018-10-31T20:09:30&apos;
System info: host: &apos;SUBHASHA-PC&apos;, ip: &apos;192.168.1.103&apos;, os.name: &apos;Windows 10&apos;, os.arch: &apos;amd64&apos;, os.version: &apos;10.0&apos;, java.version: &apos;17.0.3&apos;
Driver info: org.openqa.selenium.chrome.ChromeDriver
Capabilities {acceptInsecureCerts: false, browserName: chrome, browserVersion: 104.0.5112.81, chrome: {chromedriverVersion: 104.0.5112.79 (3cf3e8c8a07d..., userDataDir: C:\Users\Subhash\AppData\Lo...}, goog:chromeOptions: {debuggerAddress: localhost:57842}, javascriptEnabled: true, networkConnectionEnabled: false, pageLoadStrategy: normal, platform: WINDOWS, platformName: WINDOWS, proxy: Proxy(), setWindowRect: true, strictFileInteractability: false, timeouts: {implicit: 0, pageLoad: 300000, script: 30000}, unhandledPromptBehavior: dismiss and notify, webauthn:extension:credBlob: true, webauthn:extension:largeBlob: true, webauthn:virtualAuthenticators: true}
Session ID: 9a7fe13d9942e9af12dbde11c01a8c5f
*** Element info: {Using=xpath, value=//div[@class=&apos;message success fadable&apos; and contains(text(), &apos;Successfully Saved&apos;)]}
	at org.openqa.selenium.remote.http.W3CHttpResponseCodec.createException(W3CHttpResponseCodec.java:187)
	at org.openqa.selenium.remote.http.W3CHttpResponseCodec.decode(W3CHttpResponseCodec.java:122)
	at org.openqa.selenium.remote.http.W3CHttpResponseCodec.decode(W3CHttpResponseCodec.java:49)
	at org.openqa.selenium.remote.HttpCommandExecutor.execute(HttpCommandExecutor.java:158)
	at org.openqa.selenium.remote.service.DriverCommandExecutor.execute(DriverCommandExecutor.java:83)
	at org.openqa.selenium.remote.RemoteWebDriver.execute(RemoteWebDriver.java:552)
	at org.openqa.selenium.remote.RemoteWebDriver.findElement(RemoteWebDriver.java:323)
	at org.openqa.selenium.remote.RemoteWebDriver.findElementByXPath(RemoteWebDriver.java:428)
	at org.openqa.selenium.By$ByXPath.findElement(By.java:353)
	at org.openqa.selenium.remote.RemoteWebDriver.findElement(RemoteWebDriver.java:315)
	at com.hrm.testcases.AdminUserManagmentTest.addUserInformation(AdminUserManagmentTest.java:55)
	at java.base/java.util.ArrayList.forEach(ArrayList.java:1511)
... Removed 32 stack frames</div></td></tr></table><p class="totop"><a href="#summary">back to summary</a></p>
<h3 id="m1">com.hrm.testcases.ForgotPasswordTest#passWordRest</h3><table class="result"><tr class="param"><th>Parameter #1</th></tr><tr class="param stripe"><td>subhash</td></tr><tr><th>Exception</th></tr><tr><td><div class="stacktrace">java.lang.AssertionError: The following asserts failed:
	expected [Please contact HR admin in order to reset the password] but found [Please contact HR admin in order to reset the password
Close]
	at com.hrm.testcases.ForgotPasswordTest.passWordRest(ForgotPasswordTest.java:31)
	at java.base/java.util.ArrayList.forEach(ArrayList.java:1511)
... Removed 29 stack frames</div></td></tr></table><p class="totop"><a href="#summary">back to summary</a></p>
<h3 id="m2">com.hrm.testcases.AdminUserManagmentTest#searchSystemUser</h3><table class="result"><tr><th>Exception</th></tr><tr><td><div class="stacktrace">java.lang.RuntimeException: java.lang.NullPointerException: Cannot invoke &quot;Object.toString()&quot; because the return value of &quot;org.apache.poi.ss.usermodel.Row.getCell(int)&quot; is null
	at java.base/java.util.ArrayList.forEach(ArrayList.java:1511)
Caused by: java.lang.NullPointerException: Cannot invoke &quot;Object.toString()&quot; because the return value of &quot;org.apache.poi.ss.usermodel.Row.getCell(int)&quot; is null
	at com.hrm.utilities.ExcelUtility.cellData(ExcelUtility.java:37)
	at com.hrm.utilities.ExcelUtility.excelIntoArray(ExcelUtility.java:54)
	at com.hrm.dataProvider.StaticDataProvider.getTestDataSearch(StaticDataProvider.java:29)
	... 25 more
... Removed 32 stack frames</div></td></tr></table><p class="totop"><a href="#summary">back to summary</a></p>
<h3 id="m3">com.hrm.testcases.DashboardTest#AssignLeavsLink</h3><table class="result"><tr><th class="invisible"/></tr></table><p class="totop"><a href="#summary">back to summary</a></p>
<h3 id="m4">com.hrm.testcases.DashboardTest#LeaveList</h3><table class="result"><tr><th class="invisible"/></tr></table><p class="totop"><a href="#summary">back to summary</a></p>
<h3 id="m5">com.hrm.testcases.EmploymentStatusTest#addEmploymentStatus</h3><table class="result"><tr class="param"><th>Parameter #1</th></tr><tr class="param stripe"><td>FullTime-QA</td></tr></table><p class="totop"><a href="#summary">back to summary</a></p>
<h3 id="m6">com.hrm.testcases.HRMloginTest#loginHRMAdmin</h3><table class="result"><tr class="param"><th>Parameter #1</th><th>Parameter #2</th></tr><tr class="param stripe"><td>Admin</td><td>admin123</td></tr></table><p class="totop"><a href="#summary">back to summary</a></p>
<h3 id="m7">com.hrm.testcases.JobCategoryTest#addJobCategory</h3><table class="result"><tr class="param"><th>Parameter #1</th></tr><tr class="param stripe"><td>Test-QA</td></tr></table><p class="totop"><a href="#summary">back to summary</a></p>
<h3 id="m8">com.hrm.testcases.JobTitlesTest#addJobTitles</h3><table class="result"><tr class="param"><th>Parameter #1</th><th>Parameter #2</th><th>Parameter #3</th></tr><tr class="param stripe"><td>Assistant Manager-QA</td><td>QA-Automation</td><td>Note-Test</td></tr></table><p class="totop"><a href="#summary">back to summary</a></p>
<h3 id="m9">com.hrm.testcases.PayGradesTest#addPayGrades</h3><table class="result"><tr class="param"><th>Parameter #1</th></tr><tr class="param stripe"><td>Grade-Test</td></tr></table><p class="totop"><a href="#summary">back to summary</a></p>
<h3 id="m10">com.hrm.testcases.WorkShiftTest#addWorkShift</h3><table class="result"><tr class="param"><th>Parameter #1</th><th>Parameter #2</th></tr><tr class="param stripe"><td>NightShift</td><td>Dominic Chase</td></tr></table><p class="totop"><a href="#summary">back to summary</a></p>
</body>
</html>
