<?xml version="1.0" encoding="UTF-8"?>
<testng-results ignored="16" total="27" passed="8" failed="2" skipped="1">
  <reporter-output>
  </reporter-output>
  <suite started-at="2022-08-10T22:22:11 IST" name="Suite" finished-at="2022-08-10T22:32:56 IST" duration-ms="645452">
    <groups>
      <group name="Regresssion">
        <method signature="HRMloginTest.loginHRMAdmin(java.lang.String,java.lang.String)[pri:0, instance:com.hrm.testcases.HRMloginTest@37d4349f]" name="loginHRMAdmin" class="com.hrm.testcases.HRMloginTest"/>
      </group> <!-- Regresssion -->
    </groups>
    <test started-at="2022-08-10T22:22:11 IST" name="Test" finished-at="2022-08-10T22:32:56 IST" duration-ms="645452">
      <class name="com.hrm.testcases.DashboardTest">
        <test-method is-config="true" signature="setUp()[pri:0, instance:com.hrm.testcases.DashboardTest@6e0f5f7f]" started-at="2022-08-10T22:26:05 IST" name="setUp" finished-at="2022-08-10T22:26:38 IST" duration-ms="33748" status="PASS">
          <reporter-output>
          </reporter-output>
        </test-method> <!-- setUp -->
        <test-method is-config="true" signature="beforeClass()[pri:0, instance:com.hrm.testcases.DashboardTest@6e0f5f7f]" started-at="2022-08-10T22:26:38 IST" name="beforeClass" finished-at="2022-08-10T22:26:53 IST" duration-ms="15059" status="PASS">
          <reporter-output>
          </reporter-output>
        </test-method> <!-- beforeClass -->
        <test-method signature="AssignLeavsLink()[pri:0, instance:com.hrm.testcases.DashboardTest@6e0f5f7f]" started-at="2022-08-10T22:26:53 IST" name="AssignLeavsLink" finished-at="2022-08-10T22:26:57 IST" duration-ms="3114" status="PASS">
          <reporter-output>
          </reporter-output>
        </test-method> <!-- AssignLeavsLink -->
        <test-method is-config="true" signature="tearDown(org.testng.ITestResult)[pri:0, instance:com.hrm.testcases.DashboardTest@6e0f5f7f]" started-at="2022-08-10T22:26:57 IST" name="tearDown" finished-at="2022-08-10T22:26:57 IST" duration-ms="875" status="PASS">
          <params>
            <param index="0">
              <value>
                <![CDATA[[TestResult name=AssignLeavsLink status=SUCCESS method=DashboardTest.AssignLeavsLink()[pri:0, instance:com.hrm.testcases.DashboardTest@6e0f5f7f] output={null}]]]>
              </value>
            </param>
          </params>
          <reporter-output>
          </reporter-output>
        </test-method> <!-- tearDown -->
        <test-method is-config="true" signature="setUp()[pri:0, instance:com.hrm.testcases.DashboardTest@6e0f5f7f]" started-at="2022-08-10T22:26:57 IST" name="setUp" finished-at="2022-08-10T22:27:38 IST" duration-ms="40733" status="PASS">
          <reporter-output>
          </reporter-output>
        </test-method> <!-- setUp -->
        <test-method is-config="true" signature="beforeClass()[pri:0, instance:com.hrm.testcases.DashboardTest@6e0f5f7f]" started-at="2022-08-10T22:27:38 IST" name="beforeClass" finished-at="2022-08-10T22:27:48 IST" duration-ms="9654" status="PASS">
          <reporter-output>
          </reporter-output>
        </test-method> <!-- beforeClass -->
        <test-method signature="LeaveList()[pri:0, instance:com.hrm.testcases.DashboardTest@6e0f5f7f]" started-at="2022-08-10T22:27:48 IST" name="LeaveList" finished-at="2022-08-10T22:27:49 IST" duration-ms="1397" status="PASS">
          <reporter-output>
          </reporter-output>
        </test-method> <!-- LeaveList -->
        <test-method is-config="true" signature="tearDown(org.testng.ITestResult)[pri:0, instance:com.hrm.testcases.DashboardTest@6e0f5f7f]" started-at="2022-08-10T22:27:49 IST" name="tearDown" finished-at="2022-08-10T22:27:50 IST" duration-ms="593" status="PASS">
          <params>
            <param index="0">
              <value>
                <![CDATA[[TestResult name=LeaveList status=SUCCESS method=DashboardTest.LeaveList()[pri:0, instance:com.hrm.testcases.DashboardTest@6e0f5f7f] output={null}]]]>
              </value>
            </param>
          </params>
          <reporter-output>
          </reporter-output>
        </test-method> <!-- tearDown -->
      </class> <!-- com.hrm.testcases.DashboardTest -->
      <class name="com.hrm.testcases.PayGradesTest">
        <test-method is-config="true" signature="setUp()[pri:0, instance:com.hrm.testcases.PayGradesTest@3c7f66c4]" started-at="2022-08-10T22:29:50 IST" name="setUp" finished-at="2022-08-10T22:30:18 IST" duration-ms="28427" status="PASS">
          <reporter-output>
          </reporter-output>
        </test-method> <!-- setUp -->
        <test-method is-config="true" signature="login()[pri:0, instance:com.hrm.testcases.PayGradesTest@3c7f66c4]" started-at="2022-08-10T22:30:18 IST" name="login" finished-at="2022-08-10T22:30:31 IST" duration-ms="13087" status="PASS">
          <reporter-output>
          </reporter-output>
        </test-method> <!-- login -->
        <test-method signature="addPayGrades(java.lang.String)[pri:0, instance:com.hrm.testcases.PayGradesTest@3c7f66c4]" started-at="2022-08-10T22:30:31 IST" name="addPayGrades" data-provider="PayGrade_Data" finished-at="2022-08-10T22:30:48 IST" duration-ms="16509" status="PASS">
          <params>
            <param index="0">
              <value>
                <![CDATA[Grade-Test]]>
              </value>
            </param>
          </params>
          <reporter-output>
          </reporter-output>
        </test-method> <!-- addPayGrades -->
        <test-method is-config="true" signature="tearDown(org.testng.ITestResult)[pri:0, instance:com.hrm.testcases.PayGradesTest@3c7f66c4]" started-at="2022-08-10T22:30:48 IST" name="tearDown" finished-at="2022-08-10T22:30:48 IST" duration-ms="556" status="PASS">
          <params>
            <param index="0">
              <value>
                <![CDATA[[TestResult name=addPayGrades status=SUCCESS method=PayGradesTest.addPayGrades(java.lang.String)[pri:0, instance:com.hrm.testcases.PayGradesTest@3c7f66c4] output={null}]]]>
              </value>
            </param>
          </params>
          <reporter-output>
          </reporter-output>
        </test-method> <!-- tearDown -->
      </class> <!-- com.hrm.testcases.PayGradesTest -->
      <class name="com.hrm.testcases.WorkShiftTest">
        <test-method is-config="true" signature="setUp()[pri:0, instance:com.hrm.testcases.WorkShiftTest@4803b726]" started-at="2022-08-10T22:32:01 IST" name="setUp" finished-at="2022-08-10T22:32:30 IST" duration-ms="28742" status="PASS">
          <reporter-output>
          </reporter-output>
        </test-method> <!-- setUp -->
        <test-method is-config="true" signature="login()[pri:0, instance:com.hrm.testcases.WorkShiftTest@4803b726]" started-at="2022-08-10T22:32:30 IST" name="login" finished-at="2022-08-10T22:32:37 IST" duration-ms="7523" status="PASS">
          <reporter-output>
          </reporter-output>
        </test-method> <!-- login -->
        <test-method signature="addWorkShift(java.lang.String,java.lang.String)[pri:0, instance:com.hrm.testcases.WorkShiftTest@4803b726]" started-at="2022-08-10T22:32:37 IST" name="addWorkShift" data-provider="Workshift_Data" finished-at="2022-08-10T22:32:54 IST" duration-ms="17256" status="PASS">
          <params>
            <param index="0">
              <value>
                <![CDATA[NightShift]]>
              </value>
            </param>
            <param index="1">
              <value>
                <![CDATA[Dominic Chase]]>
              </value>
            </param>
          </params>
          <reporter-output>
          </reporter-output>
        </test-method> <!-- addWorkShift -->
        <test-method is-config="true" signature="tearDown(org.testng.ITestResult)[pri:0, instance:com.hrm.testcases.WorkShiftTest@4803b726]" started-at="2022-08-10T22:32:54 IST" name="tearDown" finished-at="2022-08-10T22:32:55 IST" duration-ms="584" status="PASS">
          <params>
            <param index="0">
              <value>
                <![CDATA[[TestResult name=addWorkShift status=SUCCESS method=WorkShiftTest.addWorkShift(java.lang.String,java.lang.String)[pri:0, instance:com.hrm.testcases.WorkShiftTest@4803b726] output={null}]]]>
              </value>
            </param>
          </params>
          <reporter-output>
          </reporter-output>
        </test-method> <!-- tearDown -->
      </class> <!-- com.hrm.testcases.WorkShiftTest -->
      <class name="com.hrm.testcases.AdminUserManagmentTest">
        <test-method is-config="true" signature="startExtedReport()[pri:0, instance:com.hrm.testcases.AdminUserManagmentTest@5d7148e2]" started-at="2022-08-10T22:22:11 IST" name="startExtedReport" finished-at="2022-08-10T22:22:11 IST" duration-ms="430" status="PASS">
          <reporter-output>
          </reporter-output>
        </test-method> <!-- startExtedReport -->
        <test-method is-config="true" signature="setUp()[pri:0, instance:com.hrm.testcases.AdminUserManagmentTest@5d7148e2]" started-at="2022-08-10T22:22:12 IST" name="setUp" finished-at="2022-08-10T22:22:48 IST" duration-ms="35896" status="PASS">
          <reporter-output>
          </reporter-output>
        </test-method> <!-- setUp -->
        <test-method is-config="true" signature="login()[pri:0, instance:com.hrm.testcases.AdminUserManagmentTest@5d7148e2]" started-at="2022-08-10T22:22:48 IST" name="login" finished-at="2022-08-10T22:23:11 IST" duration-ms="23754" status="PASS">
          <reporter-output>
          </reporter-output>
        </test-method> <!-- login -->
        <test-method signature="addUserInformation(java.lang.String,java.lang.String,java.lang.String,java.lang.String,java.lang.String,java.lang.String)[pri:0, instance:com.hrm.testcases.AdminUserManagmentTest@5d7148e2]" started-at="2022-08-10T22:23:11 IST" name="addUserInformation" data-provider="Adduser_Data" finished-at="2022-08-10T22:24:17 IST" duration-ms="65413" status="FAIL">
          <params>
            <param index="0">
              <value>
                <![CDATA[Admin]]>
              </value>
            </param>
            <param index="1">
              <value>
                <![CDATA[John Doe]]>
              </value>
            </param>
            <param index="2">
              <value>
                <![CDATA[johndoe]]>
              </value>
            </param>
            <param index="3">
              <value>
                <![CDATA[Enabled]]>
              </value>
            </param>
            <param index="4">
              <value>
                <![CDATA[johndoe9596]]>
              </value>
            </param>
            <param index="5">
              <value>
                <![CDATA[johndoe9596]]>
              </value>
            </param>
          </params>
          <exception class="org.openqa.selenium.NoSuchElementException">
            <message>
              <![CDATA[no such element: Unable to locate element: {"method":"xpath","selector":"//div[@class='message success fadable' and contains(text(), 'Successfully Saved')]"}
  (Session info: chrome=104.0.5112.81)
For documentation on this error, please visit: http://seleniumhq.org/exceptions/no_such_element.html
Build info: version: '3.141.0', revision: '2ecb7d9a', time: '2018-10-31T20:09:30'
System info: host: 'SUBHASHA-PC', ip: '192.168.1.103', os.name: 'Windows 10', os.arch: 'amd64', os.version: '10.0', java.version: '17.0.3'
Driver info: org.openqa.selenium.chrome.ChromeDriver
Capabilities {acceptInsecureCerts: false, browserName: chrome, browserVersion: 104.0.5112.81, chrome: {chromedriverVersion: 104.0.5112.79 (3cf3e8c8a07d..., userDataDir: C:\Users\Subhash\AppData\Lo...}, goog:chromeOptions: {debuggerAddress: localhost:57842}, javascriptEnabled: true, networkConnectionEnabled: false, pageLoadStrategy: normal, platform: WINDOWS, platformName: WINDOWS, proxy: Proxy(), setWindowRect: true, strictFileInteractability: false, timeouts: {implicit: 0, pageLoad: 300000, script: 30000}, unhandledPromptBehavior: dismiss and notify, webauthn:extension:credBlob: true, webauthn:extension:largeBlob: true, webauthn:virtualAuthenticators: true}
Session ID: 9a7fe13d9942e9af12dbde11c01a8c5f
*** Element info: {Using=xpath, value=//div[@class='message success fadable' and contains(text(), 'Successfully Saved')]}]]>
            </message>
            <full-stacktrace>
              <![CDATA[org.openqa.selenium.NoSuchElementException: no such element: Unable to locate element: {"method":"xpath","selector":"//div[@class='message success fadable' and contains(text(), 'Successfully Saved')]"}
  (Session info: chrome=104.0.5112.81)
For documentation on this error, please visit: http://seleniumhq.org/exceptions/no_such_element.html
Build info: version: '3.141.0', revision: '2ecb7d9a', time: '2018-10-31T20:09:30'
System info: host: 'SUBHASHA-PC', ip: '192.168.1.103', os.name: 'Windows 10', os.arch: 'amd64', os.version: '10.0', java.version: '17.0.3'
Driver info: org.openqa.selenium.chrome.ChromeDriver
Capabilities {acceptInsecureCerts: false, browserName: chrome, browserVersion: 104.0.5112.81, chrome: {chromedriverVersion: 104.0.5112.79 (3cf3e8c8a07d..., userDataDir: C:\Users\Subhash\AppData\Lo...}, goog:chromeOptions: {debuggerAddress: localhost:57842}, javascriptEnabled: true, networkConnectionEnabled: false, pageLoadStrategy: normal, platform: WINDOWS, platformName: WINDOWS, proxy: Proxy(), setWindowRect: true, strictFileInteractability: false, timeouts: {implicit: 0, pageLoad: 300000, script: 30000}, unhandledPromptBehavior: dismiss and notify, webauthn:extension:credBlob: true, webauthn:extension:largeBlob: true, webauthn:virtualAuthenticators: true}
Session ID: 9a7fe13d9942e9af12dbde11c01a8c5f
*** Element info: {Using=xpath, value=//div[@class='message success fadable' and contains(text(), 'Successfully Saved')]}
at java.base/jdk.internal.reflect.NativeConstructorAccessorImpl.newInstance0(Native Method)
at java.base/jdk.internal.reflect.NativeConstructorAccessorImpl.newInstance(NativeConstructorAccessorImpl.java:77)
at java.base/jdk.internal.reflect.DelegatingConstructorAccessorImpl.newInstance(DelegatingConstructorAccessorImpl.java:45)
at java.base/java.lang.reflect.Constructor.newInstanceWithCaller(Constructor.java:499)
at java.base/java.lang.reflect.Constructor.newInstance(Constructor.java:480)
at org.openqa.selenium.remote.http.W3CHttpResponseCodec.createException(W3CHttpResponseCodec.java:187)
at org.openqa.selenium.remote.http.W3CHttpResponseCodec.decode(W3CHttpResponseCodec.java:122)
at org.openqa.selenium.remote.http.W3CHttpResponseCodec.decode(W3CHttpResponseCodec.java:49)
at org.openqa.selenium.remote.HttpCommandExecutor.execute(HttpCommandExecutor.java:158)
at org.openqa.selenium.remote.service.DriverCommandExecutor.execute(DriverCommandExecutor.java:83)
at org.openqa.selenium.remote.RemoteWebDriver.execute(RemoteWebDriver.java:552)
at org.openqa.selenium.remote.RemoteWebDriver.findElement(RemoteWebDriver.java:323)
at org.openqa.selenium.remote.RemoteWebDriver.findElementByXPath(RemoteWebDriver.java:428)
at org.openqa.selenium.By$ByXPath.findElement(By.java:353)
at org.openqa.selenium.remote.RemoteWebDriver.findElement(RemoteWebDriver.java:315)
at com.hrm.testcases.AdminUserManagmentTest.addUserInformation(AdminUserManagmentTest.java:55)
at java.base/jdk.internal.reflect.NativeMethodAccessorImpl.invoke0(Native Method)
at java.base/jdk.internal.reflect.NativeMethodAccessorImpl.invoke(NativeMethodAccessorImpl.java:77)
at java.base/jdk.internal.reflect.DelegatingMethodAccessorImpl.invoke(DelegatingMethodAccessorImpl.java:43)
at java.base/java.lang.reflect.Method.invoke(Method.java:568)
at org.testng.internal.MethodInvocationHelper.invokeMethod(MethodInvocationHelper.java:133)
at org.testng.internal.TestInvoker.invokeMethod(TestInvoker.java:598)
at org.testng.internal.TestInvoker.invokeTestMethod(TestInvoker.java:173)
at org.testng.internal.MethodRunner.runInSequence(MethodRunner.java:46)
at org.testng.internal.TestInvoker$MethodInvocationAgent.invoke(TestInvoker.java:824)
at org.testng.internal.TestInvoker.invokeTestMethods(TestInvoker.java:146)
at org.testng.internal.TestMethodWorker.invokeTestMethods(TestMethodWorker.java:146)
at org.testng.internal.TestMethodWorker.run(TestMethodWorker.java:128)
at java.base/java.util.ArrayList.forEach(ArrayList.java:1511)
at org.testng.TestRunner.privateRun(TestRunner.java:794)
at org.testng.TestRunner.run(TestRunner.java:596)
at org.testng.SuiteRunner.runTest(SuiteRunner.java:377)
at org.testng.SuiteRunner.runSequentially(SuiteRunner.java:371)
at org.testng.SuiteRunner.privateRun(SuiteRunner.java:332)
at org.testng.SuiteRunner.run(SuiteRunner.java:276)
at org.testng.SuiteRunnerWorker.runSuite(SuiteRunnerWorker.java:53)
at org.testng.SuiteRunnerWorker.run(SuiteRunnerWorker.java:96)
at org.testng.TestNG.runSuitesSequentially(TestNG.java:1212)
at org.testng.TestNG.runSuitesLocally(TestNG.java:1134)
at org.testng.TestNG.runSuites(TestNG.java:1063)
at org.testng.TestNG.run(TestNG.java:1031)
at org.testng.remote.AbstractRemoteTestNG.run(AbstractRemoteTestNG.java:115)
at org.testng.remote.RemoteTestNG.initAndRun(RemoteTestNG.java:251)
at org.testng.remote.RemoteTestNG.main(RemoteTestNG.java:77)
]]>
            </full-stacktrace>
          </exception> <!-- org.openqa.selenium.NoSuchElementException -->
          <reporter-output>
          </reporter-output>
        </test-method> <!-- addUserInformation -->
        <test-method is-config="true" signature="tearDown(org.testng.ITestResult)[pri:0, instance:com.hrm.testcases.AdminUserManagmentTest@5d7148e2]" started-at="2022-08-10T22:24:17 IST" name="tearDown" finished-at="2022-08-10T22:24:18 IST" duration-ms="998" status="PASS">
          <params>
            <param index="0">
              <value>
                <![CDATA[[TestResult name=addUserInformation status=FAILURE method=AdminUserManagmentTest.addUserInformation(java.lang.String,java.lang.String,java.lang.String,java.lang.String,java.lang.String,java.lang.String)[pri:0, instance:com.hrm.testcases.AdminUserManagmentTest@5d7148e2] output={null}]]]>
              </value>
            </param>
          </params>
          <reporter-output>
          </reporter-output>
        </test-method> <!-- tearDown -->
        <test-method signature="searchSystemUser(java.lang.String)[pri:0, instance:com.hrm.testcases.AdminUserManagmentTest@5d7148e2]" started-at="2022-08-10T22:24:18 IST" name="searchSystemUser" data-provider="Searchuser_Data" finished-at="2022-08-10T22:24:18 IST" duration-ms="0" status="SKIP">
          <exception class="java.lang.RuntimeException">
            <message>
              <![CDATA[java.lang.NullPointerException: Cannot invoke "Object.toString()" because the return value of "org.apache.poi.ss.usermodel.Row.getCell(int)" is null]]>
            </message>
            <full-stacktrace>
              <![CDATA[java.lang.RuntimeException: java.lang.NullPointerException: Cannot invoke "Object.toString()" because the return value of "org.apache.poi.ss.usermodel.Row.getCell(int)" is null
at org.testng.internal.MethodInvocationHelper.invokeMethodNoCheckedException(MethodInvocationHelper.java:50)
at org.testng.internal.MethodInvocationHelper.invokeDataProvider(MethodInvocationHelper.java:146)
at org.testng.internal.Parameters.handleParameters(Parameters.java:798)
at org.testng.internal.Parameters.handleParameters(Parameters.java:740)
at org.testng.internal.ParameterHandler.handleParameters(ParameterHandler.java:59)
at org.testng.internal.ParameterHandler.createParameters(ParameterHandler.java:38)
at org.testng.internal.TestInvoker$MethodInvocationAgent.invoke(TestInvoker.java:791)
at org.testng.internal.TestInvoker.invokeTestMethods(TestInvoker.java:146)
at org.testng.internal.TestMethodWorker.invokeTestMethods(TestMethodWorker.java:146)
at org.testng.internal.TestMethodWorker.run(TestMethodWorker.java:128)
at java.base/java.util.ArrayList.forEach(ArrayList.java:1511)
at org.testng.TestRunner.privateRun(TestRunner.java:794)
at org.testng.TestRunner.run(TestRunner.java:596)
at org.testng.SuiteRunner.runTest(SuiteRunner.java:377)
at org.testng.SuiteRunner.runSequentially(SuiteRunner.java:371)
at org.testng.SuiteRunner.privateRun(SuiteRunner.java:332)
at org.testng.SuiteRunner.run(SuiteRunner.java:276)
at org.testng.SuiteRunnerWorker.runSuite(SuiteRunnerWorker.java:53)
at org.testng.SuiteRunnerWorker.run(SuiteRunnerWorker.java:96)
at org.testng.TestNG.runSuitesSequentially(TestNG.java:1212)
at org.testng.TestNG.runSuitesLocally(TestNG.java:1134)
at org.testng.TestNG.runSuites(TestNG.java:1063)
at org.testng.TestNG.run(TestNG.java:1031)
at org.testng.remote.AbstractRemoteTestNG.run(AbstractRemoteTestNG.java:115)
at org.testng.remote.RemoteTestNG.initAndRun(RemoteTestNG.java:251)
at org.testng.remote.RemoteTestNG.main(RemoteTestNG.java:77)
Caused by: java.lang.NullPointerException: Cannot invoke "Object.toString()" because the return value of "org.apache.poi.ss.usermodel.Row.getCell(int)" is null
at com.hrm.utilities.ExcelUtility.cellData(ExcelUtility.java:37)
at com.hrm.utilities.ExcelUtility.excelIntoArray(ExcelUtility.java:54)
at com.hrm.dataProvider.StaticDataProvider.getTestDataSearch(StaticDataProvider.java:29)
at java.base/jdk.internal.reflect.NativeMethodAccessorImpl.invoke0(Native Method)
at java.base/jdk.internal.reflect.NativeMethodAccessorImpl.invoke(NativeMethodAccessorImpl.java:77)
at java.base/jdk.internal.reflect.DelegatingMethodAccessorImpl.invoke(DelegatingMethodAccessorImpl.java:43)
at java.base/java.lang.reflect.Method.invoke(Method.java:568)
at org.testng.internal.MethodInvocationHelper.invokeMethod(MethodInvocationHelper.java:133)
at org.testng.internal.MethodInvocationHelper.invokeMethod(MethodInvocationHelper.java:77)
at org.testng.internal.MethodInvocationHelper.invokeMethodNoCheckedException(MethodInvocationHelper.java:46)
... 25 more
]]>
            </full-stacktrace>
          </exception> <!-- java.lang.RuntimeException -->
          <reporter-output>
          </reporter-output>
        </test-method> <!-- searchSystemUser -->
        <test-method is-config="true" signature="endExtedReport()[pri:0, instance:com.hrm.testcases.AdminUserManagmentTest@5d7148e2]" started-at="2022-08-10T22:32:55 IST" name="endExtedReport" finished-at="2022-08-10T22:32:56 IST" duration-ms="995" status="PASS">
          <reporter-output>
          </reporter-output>
        </test-method> <!-- endExtedReport -->
      </class> <!-- com.hrm.testcases.AdminUserManagmentTest -->
      <class name="com.hrm.testcases.HRMloginTest">
        <test-method is-config="true" signature="setUp()[pri:0, instance:com.hrm.testcases.HRMloginTest@37d4349f]" started-at="2022-08-10T22:24:18 IST" name="setUp" finished-at="2022-08-10T22:24:48 IST" duration-ms="30190" status="PASS">
          <reporter-output>
          </reporter-output>
        </test-method> <!-- setUp -->
        <test-method signature="loginHRMAdmin(java.lang.String,java.lang.String)[pri:0, instance:com.hrm.testcases.HRMloginTest@37d4349f]" started-at="2022-08-10T22:24:48 IST" name="loginHRMAdmin" data-provider="Login_Data" finished-at="2022-08-10T22:25:11 IST" duration-ms="22269" status="PASS">
          <params>
            <param index="0">
              <value>
                <![CDATA[Admin]]>
              </value>
            </param>
            <param index="1">
              <value>
                <![CDATA[admin123]]>
              </value>
            </param>
          </params>
          <reporter-output>
          </reporter-output>
        </test-method> <!-- loginHRMAdmin -->
        <test-method is-config="true" signature="tearDown(org.testng.ITestResult)[pri:0, instance:com.hrm.testcases.HRMloginTest@37d4349f]" started-at="2022-08-10T22:25:11 IST" name="tearDown" finished-at="2022-08-10T22:25:11 IST" duration-ms="750" status="PASS">
          <params>
            <param index="0">
              <value>
                <![CDATA[[TestResult name=loginHRMAdmin status=SUCCESS method=HRMloginTest.loginHRMAdmin(java.lang.String,java.lang.String)[pri:0, instance:com.hrm.testcases.HRMloginTest@37d4349f] output={null}]]]>
              </value>
            </param>
          </params>
          <reporter-output>
          </reporter-output>
        </test-method> <!-- tearDown -->
      </class> <!-- com.hrm.testcases.HRMloginTest -->
      <class name="com.hrm.testcases.JobCategoryTest">
        <test-method is-config="true" signature="setUp()[pri:0, instance:com.hrm.testcases.JobCategoryTest@f0da945]" started-at="2022-08-10T22:30:49 IST" name="setUp" finished-at="2022-08-10T22:31:35 IST" duration-ms="46917" status="PASS">
          <reporter-output>
          </reporter-output>
        </test-method> <!-- setUp -->
        <test-method is-config="true" signature="login()[pri:0, instance:com.hrm.testcases.JobCategoryTest@f0da945]" started-at="2022-08-10T22:31:35 IST" name="login" finished-at="2022-08-10T22:31:44 IST" duration-ms="8980" status="PASS">
          <reporter-output>
          </reporter-output>
        </test-method> <!-- login -->
        <test-method signature="addJobCategory(java.lang.String)[pri:0, instance:com.hrm.testcases.JobCategoryTest@f0da945]" started-at="2022-08-10T22:31:44 IST" name="addJobCategory" data-provider="JobCategory_Data" finished-at="2022-08-10T22:32:00 IST" duration-ms="15798" status="PASS">
          <params>
            <param index="0">
              <value>
                <![CDATA[Test-QA]]>
              </value>
            </param>
          </params>
          <reporter-output>
          </reporter-output>
        </test-method> <!-- addJobCategory -->
        <test-method is-config="true" signature="tearDown(org.testng.ITestResult)[pri:0, instance:com.hrm.testcases.JobCategoryTest@f0da945]" started-at="2022-08-10T22:32:00 IST" name="tearDown" finished-at="2022-08-10T22:32:01 IST" duration-ms="512" status="PASS">
          <params>
            <param index="0">
              <value>
                <![CDATA[[TestResult name=addJobCategory status=SUCCESS method=JobCategoryTest.addJobCategory(java.lang.String)[pri:0, instance:com.hrm.testcases.JobCategoryTest@f0da945] output={null}]]]>
              </value>
            </param>
          </params>
          <reporter-output>
          </reporter-output>
        </test-method> <!-- tearDown -->
      </class> <!-- com.hrm.testcases.JobCategoryTest -->
      <class name="com.hrm.testcases.ForgotPasswordTest">
        <test-method is-config="true" signature="setUp()[pri:0, instance:com.hrm.testcases.ForgotPasswordTest@434a63ab]" started-at="2022-08-10T22:25:11 IST" name="setUp" finished-at="2022-08-10T22:26:00 IST" duration-ms="48091" status="PASS">
          <reporter-output>
          </reporter-output>
        </test-method> <!-- setUp -->
        <test-method signature="passWordRest(java.lang.String)[pri:0, instance:com.hrm.testcases.ForgotPasswordTest@434a63ab]" started-at="2022-08-10T22:26:00 IST" name="passWordRest" data-provider="Forgot_Password" finished-at="2022-08-10T22:26:04 IST" duration-ms="4178" status="FAIL">
          <params>
            <param index="0">
              <value>
                <![CDATA[subhash]]>
              </value>
            </param>
          </params>
          <exception class="java.lang.AssertionError">
            <message>
              <![CDATA[The following asserts failed:
expected [Please contact HR admin in order to reset the password] but found [Please contact HR admin in order to reset the password
Close]]]>
            </message>
            <full-stacktrace>
              <![CDATA[java.lang.AssertionError: The following asserts failed:
expected [Please contact HR admin in order to reset the password] but found [Please contact HR admin in order to reset the password
Close]
at org.testng.asserts.SoftAssert.assertAll(SoftAssert.java:47)
at org.testng.asserts.SoftAssert.assertAll(SoftAssert.java:31)
at com.hrm.testcases.ForgotPasswordTest.passWordRest(ForgotPasswordTest.java:31)
at java.base/jdk.internal.reflect.NativeMethodAccessorImpl.invoke0(Native Method)
at java.base/jdk.internal.reflect.NativeMethodAccessorImpl.invoke(NativeMethodAccessorImpl.java:77)
at java.base/jdk.internal.reflect.DelegatingMethodAccessorImpl.invoke(DelegatingMethodAccessorImpl.java:43)
at java.base/java.lang.reflect.Method.invoke(Method.java:568)
at org.testng.internal.MethodInvocationHelper.invokeMethod(MethodInvocationHelper.java:133)
at org.testng.internal.TestInvoker.invokeMethod(TestInvoker.java:598)
at org.testng.internal.TestInvoker.invokeTestMethod(TestInvoker.java:173)
at org.testng.internal.MethodRunner.runInSequence(MethodRunner.java:46)
at org.testng.internal.TestInvoker$MethodInvocationAgent.invoke(TestInvoker.java:824)
at org.testng.internal.TestInvoker.invokeTestMethods(TestInvoker.java:146)
at org.testng.internal.TestMethodWorker.invokeTestMethods(TestMethodWorker.java:146)
at org.testng.internal.TestMethodWorker.run(TestMethodWorker.java:128)
at java.base/java.util.ArrayList.forEach(ArrayList.java:1511)
at org.testng.TestRunner.privateRun(TestRunner.java:794)
at org.testng.TestRunner.run(TestRunner.java:596)
at org.testng.SuiteRunner.runTest(SuiteRunner.java:377)
at org.testng.SuiteRunner.runSequentially(SuiteRunner.java:371)
at org.testng.SuiteRunner.privateRun(SuiteRunner.java:332)
at org.testng.SuiteRunner.run(SuiteRunner.java:276)
at org.testng.SuiteRunnerWorker.runSuite(SuiteRunnerWorker.java:53)
at org.testng.SuiteRunnerWorker.run(SuiteRunnerWorker.java:96)
at org.testng.TestNG.runSuitesSequentially(TestNG.java:1212)
at org.testng.TestNG.runSuitesLocally(TestNG.java:1134)
at org.testng.TestNG.runSuites(TestNG.java:1063)
at org.testng.TestNG.run(TestNG.java:1031)
at org.testng.remote.AbstractRemoteTestNG.run(AbstractRemoteTestNG.java:115)
at org.testng.remote.RemoteTestNG.initAndRun(RemoteTestNG.java:251)
at org.testng.remote.RemoteTestNG.main(RemoteTestNG.java:77)
]]>
            </full-stacktrace>
          </exception> <!-- java.lang.AssertionError -->
          <reporter-output>
          </reporter-output>
        </test-method> <!-- passWordRest -->
        <test-method is-config="true" signature="tearDown(org.testng.ITestResult)[pri:0, instance:com.hrm.testcases.ForgotPasswordTest@434a63ab]" started-at="2022-08-10T22:26:04 IST" name="tearDown" finished-at="2022-08-10T22:26:05 IST" duration-ms="936" status="PASS">
          <params>
            <param index="0">
              <value>
                <![CDATA[[TestResult name=passWordRest status=FAILURE method=ForgotPasswordTest.passWordRest(java.lang.String)[pri:0, instance:com.hrm.testcases.ForgotPasswordTest@434a63ab] output={null}]]]>
              </value>
            </param>
          </params>
          <reporter-output>
          </reporter-output>
        </test-method> <!-- tearDown -->
      </class> <!-- com.hrm.testcases.ForgotPasswordTest -->
      <class name="com.hrm.testcases.JobTitlesTest">
        <test-method is-config="true" signature="setUp()[pri:0, instance:com.hrm.testcases.JobTitlesTest@2805d709]" started-at="2022-08-10T22:27:50 IST" name="setUp" finished-at="2022-08-10T22:28:19 IST" duration-ms="28680" status="PASS">
          <reporter-output>
          </reporter-output>
        </test-method> <!-- setUp -->
        <test-method is-config="true" signature="login()[pri:0, instance:com.hrm.testcases.JobTitlesTest@2805d709]" started-at="2022-08-10T22:28:19 IST" name="login" finished-at="2022-08-10T22:28:28 IST" duration-ms="9513" status="PASS">
          <reporter-output>
          </reporter-output>
        </test-method> <!-- login -->
        <test-method signature="addJobTitles(java.lang.String,java.lang.String,java.lang.String)[pri:0, instance:com.hrm.testcases.JobTitlesTest@2805d709]" started-at="2022-08-10T22:28:28 IST" name="addJobTitles" data-provider="JobTitle_Data" finished-at="2022-08-10T22:28:47 IST" duration-ms="18385" status="PASS">
          <params>
            <param index="0">
              <value>
                <![CDATA[Assistant Manager-QA]]>
              </value>
            </param>
            <param index="1">
              <value>
                <![CDATA[QA-Automation]]>
              </value>
            </param>
            <param index="2">
              <value>
                <![CDATA[Note-Test]]>
              </value>
            </param>
          </params>
          <reporter-output>
          </reporter-output>
        </test-method> <!-- addJobTitles -->
        <test-method is-config="true" signature="tearDown(org.testng.ITestResult)[pri:0, instance:com.hrm.testcases.JobTitlesTest@2805d709]" started-at="2022-08-10T22:28:47 IST" name="tearDown" finished-at="2022-08-10T22:28:47 IST" duration-ms="484" status="PASS">
          <params>
            <param index="0">
              <value>
                <![CDATA[[TestResult name=addJobTitles status=SUCCESS method=JobTitlesTest.addJobTitles(java.lang.String,java.lang.String,java.lang.String)[pri:0, instance:com.hrm.testcases.JobTitlesTest@2805d709] output={null}]]]>
              </value>
            </param>
          </params>
          <reporter-output>
          </reporter-output>
        </test-method> <!-- tearDown -->
      </class> <!-- com.hrm.testcases.JobTitlesTest -->
      <class name="com.hrm.testcases.EmploymentStatusTest">
        <test-method is-config="true" signature="setUp()[pri:0, instance:com.hrm.testcases.EmploymentStatusTest@3a44431a]" started-at="2022-08-10T22:28:47 IST" name="setUp" finished-at="2022-08-10T22:29:17 IST" duration-ms="30150" status="PASS">
          <reporter-output>
          </reporter-output>
        </test-method> <!-- setUp -->
        <test-method is-config="true" signature="login()[pri:0, instance:com.hrm.testcases.EmploymentStatusTest@3a44431a]" started-at="2022-08-10T22:29:17 IST" name="login" finished-at="2022-08-10T22:29:33 IST" duration-ms="15942" status="PASS">
          <reporter-output>
          </reporter-output>
        </test-method> <!-- login -->
        <test-method signature="addEmploymentStatus(java.lang.String)[pri:0, instance:com.hrm.testcases.EmploymentStatusTest@3a44431a]" started-at="2022-08-10T22:29:33 IST" name="addEmploymentStatus" data-provider="EmpStatus_Data" finished-at="2022-08-10T22:29:49 IST" duration-ms="16092" status="PASS">
          <params>
            <param index="0">
              <value>
                <![CDATA[FullTime-QA]]>
              </value>
            </param>
          </params>
          <reporter-output>
          </reporter-output>
        </test-method> <!-- addEmploymentStatus -->
        <test-method is-config="true" signature="tearDown(org.testng.ITestResult)[pri:0, instance:com.hrm.testcases.EmploymentStatusTest@3a44431a]" started-at="2022-08-10T22:29:49 IST" name="tearDown" finished-at="2022-08-10T22:29:50 IST" duration-ms="579" status="PASS">
          <params>
            <param index="0">
              <value>
                <![CDATA[[TestResult name=addEmploymentStatus status=SUCCESS method=EmploymentStatusTest.addEmploymentStatus(java.lang.String)[pri:0, instance:com.hrm.testcases.EmploymentStatusTest@3a44431a] output={null}]]]>
              </value>
            </param>
          </params>
          <reporter-output>
          </reporter-output>
        </test-method> <!-- tearDown -->
      </class> <!-- com.hrm.testcases.EmploymentStatusTest -->
    </test> <!-- Test -->
  </suite> <!-- Suite -->
</testng-results>
